# JRE version: Java(TM) SE Runtime Environment (8.0_171-b11) (build 1.8.0_171-b11)
# Java VM: Java HotSpot(TM) Client VM (25.171-b11 mixed mode windows-x86 )
Heap:
 def new generation   total 39424K, used 13130K [0x04000000, 0x06ac0000, 0x0eaa0000)
  eden space 35072K,  37% used [0x04000000, 0x04ccf0b0, 0x06240000)
  from space 4352K,   0% used [0x06240000, 0x06243b10, 0x06680000)
  to   space 4352K,   0% used [0x06680000, 0x06680000, 0x06ac0000)
 tenured generation   total 87424K, used 33213K [0x0eaa0000, 0x14000000, 0x24000000)
   the space 87424K,  37% used [0x0eaa0000, 0x10b0f4a0, 0x10b0f600, 0x14000000)
 Metaspace       used 19070K, capacity 19634K, committed 19712K, reserved 19840K
GC Heap History (10 events):
Event: 4113.639 GC heap before
{Heap before GC invocations=376 (full 1):
 def new generation   total 39424K, used 35083K [0x04000000, 0x06ac0000, 0x0eaa0000)
  eden space 35072K, 100% used [0x04000000, 0x06240000, 0x06240000)
  from space 4352K,   0% used [0x06680000, 0x06682fd8, 0x06ac0000)
  to   space 4352K,   0% used [0x06240000, 0x06240000, 0x06680000)
 tenured generation   total 87424K, used 33213K [0x0eaa0000, 0x14000000, 0x24000000)
   the space 87424K,  37% used [0x0eaa0000, 0x10b0f4a0, 0x10b0f600, 0x14000000)
 Metaspace       used 19068K, capacity 19634K, committed 19712K, reserved 19840K
Event: 4113.641 GC heap after
Heap after GC invocations=377 (full 1):
 def new generation   total 39424K, used 14K [0x04000000, 0x06ac0000, 0x0eaa0000)
  eden space 35072K,   0% used [0x04000000, 0x04000000, 0x06240000)
  from space 4352K,   0% used [0x06240000, 0x06243a60, 0x06680000)
  to   space 4352K,   0% used [0x06680000, 0x06680000, 0x06ac0000)
 tenured generation   total 87424K, used 33213K [0x0eaa0000, 0x14000000, 0x24000000)
   the space 87424K,  37% used [0x0eaa0000, 0x10b0f4a0, 0x10b0f600, 0x14000000)
 Metaspace       used 19068K, capacity 19634K, committed 19712K, reserved 19840K
}
Event: 4118.098 GC heap before
{Heap before GC invocations=377 (full 1):
 def new generation   total 39424K, used 35086K [0x04000000, 0x06ac0000, 0x0eaa0000)
  eden space 35072K, 100% used [0x04000000, 0x06240000, 0x06240000)
  from space 4352K,   0% used [0x06240000, 0x06243a60, 0x06680000)
  to   space 4352K,   0% used [0x06680000, 0x06680000, 0x06ac0000)
 tenured generation   total 87424K, used 33213K [0x0eaa0000, 0x14000000, 0x24000000)
   the space 87424K,  37% used [0x0eaa0000, 0x10b0f4a0, 0x10b0f600, 0x14000000)
 Metaspace       used 19068K, capacity 19634K, committed 19712K, reserved 19840K
Event: 4118.099 GC heap after
Heap after GC invocations=378 (full 1):
 def new generation   total 39424K, used 14K [0x04000000, 0x06ac0000, 0x0eaa0000)
  eden space 35072K,   0% used [0x04000000, 0x04000000, 0x06240000)
  from space 4352K,   0% used [0x06680000, 0x06683b70, 0x06ac0000)
  to   space 4352K,   0% used [0x06240000, 0x06240000, 0x06680000)
 tenured generation   total 87424K, used 33213K [0x0eaa0000, 0x14000000, 0x24000000)
   the space 87424K,  37% used [0x0eaa0000, 0x10b0f4a0, 0x10b0f600, 0x14000000)
 Metaspace       used 19068K, capacity 19634K, committed 19712K, reserved 19840K
}
Event: 4122.578 GC heap before
{Heap before GC invocations=378 (full 1):
 def new generation   total 39424K, used 35086K [0x04000000, 0x06ac0000, 0x0eaa0000)
  eden space 35072K, 100% used [0x04000000, 0x06240000, 0x06240000)
  from space 4352K,   0% used [0x06680000, 0x06683b70, 0x06ac0000)
  to   space 4352K,   0% used [0x06240000, 0x06240000, 0x06680000)
 tenured generation   total 87424K, used 33213K [0x0eaa0000, 0x14000000, 0x24000000)
   the space 87424K,  37% used [0x0eaa0000, 0x10b0f4a0, 0x10b0f600, 0x14000000)
 Metaspace       used 19068K, capacity 19634K, committed 19712K, reserved 19840K
Event: 4122.579 GC heap after
Heap after GC invocations=379 (full 1):
 def new generation   total 39424K, used 14K [0x04000000, 0x06ac0000, 0x0eaa0000)
  eden space 35072K,   0% used [0x04000000, 0x04000000, 0x06240000)
  from space 4352K,   0% used [0x06240000, 0x06243b70, 0x06680000)
  to   space 4352K,   0% used [0x06680000, 0x06680000, 0x06ac0000)
 tenured generation   total 87424K, used 33213K [0x0eaa0000, 0x14000000, 0x24000000)
   the space 87424K,  37% used [0x0eaa0000, 0x10b0f4a0, 0x10b0f600, 0x14000000)
 Metaspace       used 19068K, capacity 19634K, committed 19712K, reserved 19840K
}
Event: 4126.904 GC heap before
{Heap before GC invocations=379 (full 1):
 def new generation   total 39424K, used 35086K [0x04000000, 0x06ac0000, 0x0eaa0000)
  eden space 35072K, 100% used [0x04000000, 0x06240000, 0x06240000)
  from space 4352K,   0% used [0x06240000, 0x06243b70, 0x06680000)
  to   space 4352K,   0% used [0x06680000, 0x06680000, 0x06ac0000)
 tenured generation   total 87424K, used 33213K [0x0eaa0000, 0x14000000, 0x24000000)
   the space 87424K,  37% used [0x0eaa0000, 0x10b0f4a0, 0x10b0f600, 0x14000000)
 Metaspace       used 19068K, capacity 19634K, committed 19712K, reserved 19840K
Event: 4126.905 GC heap after
Heap after GC invocations=380 (full 1):
 def new generation   total 39424K, used 14K [0x04000000, 0x06ac0000, 0x0eaa0000)
  eden space 35072K,   0% used [0x04000000, 0x04000000, 0x06240000)
  from space 4352K,   0% used [0x06680000, 0x06683b10, 0x06ac0000)
  to   space 4352K,   0% used [0x06240000, 0x06240000, 0x06680000)
 tenured generation   total 87424K, used 33213K [0x0eaa0000, 0x14000000, 0x24000000)
   the space 87424K,  37% used [0x0eaa0000, 0x10b0f4a0, 0x10b0f600, 0x14000000)
 Metaspace       used 19068K, capacity 19634K, committed 19712K, reserved 19840K
}
Event: 4131.579 GC heap before
{Heap before GC invocations=380 (full 1):
 def new generation   total 39424K, used 35086K [0x04000000, 0x06ac0000, 0x0eaa0000)
  eden space 35072K, 100% used [0x04000000, 0x06240000, 0x06240000)
  from space 4352K,   0% used [0x06680000, 0x06683b10, 0x06ac0000)
  to   space 4352K,   0% used [0x06240000, 0x06240000, 0x06680000)
 tenured generation   total 87424K, used 33213K [0x0eaa0000, 0x14000000, 0x24000000)
   the space 87424K,  37% used [0x0eaa0000, 0x10b0f4a0, 0x10b0f600, 0x14000000)
 Metaspace       used 19068K, capacity 19634K, committed 19712K, reserved 19840K
Event: 4131.580 GC heap after
Heap after GC invocations=381 (full 1):
 def new generation   total 39424K, used 14K [0x04000000, 0x06ac0000, 0x0eaa0000)
  eden space 35072K,   0% used [0x04000000, 0x04000000, 0x06240000)
  from space 4352K,   0% used [0x06240000, 0x06243b10, 0x06680000)
  to   space 4352K,   0% used [0x06680000, 0x06680000, 0x06ac0000)
 tenured generation   total 87424K, used 33213K [0x0eaa0000, 0x14000000, 0x24000000)
   the space 87424K,  37% used [0x0eaa0000, 0x10b0f4a0, 0x10b0f600, 0x14000000)
 Metaspace       used 19068K, capacity 19634K, committed 19712K, reserved 19840K
}

